

> docs@0.0.1 build /workspaces/Webapp/apps/docs
> vite build

[36mvite v5.4.19 [32mbuilding SSR bundle for production...[36m[39m
[2K[1Gtransforming (1) [2m../../node_modules/.pnpm/@sveltejs+kit@2.20.8_@sveltejs+vite-plugin-svelte@4.0.4_svelte@5.28.2_vite@5.4.19_@type_ccf1bc9b54e9b[2K[1Gtransforming (7) [2m../../node_modules/.pnpm/@sveltejs+kit@2.20.8_@sveltejs+vite-plugin-svelte@4.0.4_svelte@5.28.2_vite@5.4.19_@type_ccf1bc9b54e9b[2K[1Gtransforming (28) [2msrc/lib/components/MainContentContainer.svelte[22m[2K[1Gtransforming (47) [2m../../node_modules/.pnpm/@sveltejs+kit@2.20.8_@sveltejs+vite-plugin-svelte@4.0.4_svelte@5.28.2_vite@5.4.19_@type_ccf1bc9b54e9[2K[1Gtransforming (88) [2m../../node_modules/.pnpm/devalue@5.1.1/node_modules/devalue/index.js[22m[2K[1Gtransforming (107) [2m../../node_modules/.pnpm/svelte-toolbelt@0.7.1_svelte@5.28.2/node_modules/svelte-toolbelt/dist/index.js[22m[2K[1Gtransforming (129) [2m../../packages/ui/dist/core/dialog/index.js[22m[2K[1Gtransforming (179) [2m../../node_modules/.pnpm/devalue@5.1.1/node_modules/devalue/src/stringify.js[22m[2K[1Gtransforming (219) [2m../../packages/ui/dist/core/calendar/calendar-grid-row.svelte[22m[2K[1Gtransforming (259) [2m../../packages/ui/dist/core/dropdown-menu/dropdown-menu-group-heading.svelte[22m[2K[1Gtransforming (296) [2m../../packages/ui/dist/core/menubar/menubar-sub-content.svelte[22m[2K[1Gtransforming (335) [2m../../packages/ui/dist/components/editableTree/utils.js[22m[33m6:50:12 AM [vite-plugin-svelte] /workspaces/Webapp/packages/ui/dist/components/timeline/timelineSelection.svelte.js:33:32 This reference only captures the initial value of `focus`. Did you mean to reference it inside a derived instead?
https://svelte.dev/e/state_referenced_locally[39m
31:     let focus = $state(today(getLocalTimeZone()));
32:     /** Day which marks the start of the timeline selection. */
33:     let beginSelection = $state(focus.subtract(defaultLowerSelectionOffset));
                                         ^
34:     /** Day which marks the end of the timeline selection. */
35:     let endSelection = $state(focus.add(defaultUpperSelectionOffset));
[33m6:50:12 AM [vite-plugin-svelte] /workspaces/Webapp/packages/ui/dist/components/timeline/timelineSelection.svelte.js:35:30 This reference only captures the initial value of `focus`. Did you mean to reference it inside a derived instead?
https://svelte.dev/e/state_referenced_locally[39m
33:     let beginSelection = $state(focus.subtract(defaultLowerSelectionOffset));
34:     /** Day which marks the end of the timeline selection. */
35:     let endSelection = $state(focus.add(defaultUpperSelectionOffset));
                                       ^
36:     /** Derived selection. */
37:     const focusUtc = $derived(calendarDateToUtc(focus));
[33m6:50:12 AM [vite-plugin-svelte] /workspaces/Webapp/packages/ui/dist/components/timeline/timelineSelection.svelte.js:44:29 This reference only captures the initial value of `beginSelection`. Did you mean to reference it inside a derived instead?
https://svelte.dev/e/state_referenced_locally[39m
42:      */
43:     /** Day which marks the start of the timeline displayed on the slider graphic. */
44:     let beginSlider = $state(beginSelection.subtract(defaultSliderDisplayOffset));
                                               ^
45:     /** Day which marks the end of the timeline displayed on the slider graphic. */
46:     let endSlider = $state(endSelection.add(defaultSliderDisplayOffset));
[33m6:50:12 AM [vite-plugin-svelte] /workspaces/Webapp/packages/ui/dist/components/timeline/timelineSelection.svelte.js:46:27 This reference only captures the initial value of `endSelection`. Did you mean to reference it inside a derived instead?
https://svelte.dev/e/state_referenced_locally[39m
44:     let beginSlider = $state(beginSelection.subtract(defaultSliderDisplayOffset));
45:     /** Day which marks the end of the timeline displayed on the slider graphic. */
46:     let endSlider = $state(endSelection.add(defaultSliderDisplayOffset));
                                           ^
47:     /** The value the slider starts with. Is a reference point for other values. */
48:     const minSliderValue = 0;
[2K[1Gtransforming (355) [2m../../packages/ui/dist/components/workspaces/GeometrySelect.svelte[22m[2K[1Gtransforming (439) [2m../../node_modules/.pnpm/runed@0.25.0_svelte@5.28.2/node_modules/runed/dist/utilities/use-geolocation/index.js[22m[2K[1Gtransforming (479) [2m../../packages/ui/dist/components/editableTree/attributes/Coordinate.svelte[22m[2K[1Gtransforming (498) [2m../../packages/ui/dist/components/timeline/utils.js[22m[2K[1Gtransforming (531) [2m../../node_modules/.pnpm/@lucide+svelte@0.510.0_svelte@5.28.2/node_modules/@lucide/svelte/dist/icons/arrow-right.svelte[22m[2K[1Gtransforming (578) [2m../../node_modules/.pnpm/formsnap@2.0.0-next.1_svelte@5.28.2_sveltekit-superforms@2.25.0_@sveltejs+kit@2.20.8_@s_89519e729bc[2K[1Gtransforming (597) [2m../../packages/ui/dist/components/canvas/utils/index.js[22m[2K[1Gtransforming (657) [2m../../node_modules/.pnpm/melt@0.14.1_@floating-ui+dom@1.7.0_svelte@5.28.2/node_modules/melt/dist/builders/Slider.svelte.js[[2K[1Gtransforming (718) [2m../../node_modules/.pnpm/bits-ui@1.0.0-next.74_svelte@5.28.2/node_modules/bits-ui/dist/bits/date-field/exports.js[22m[2K[1Gtransforming (790) [2m../../node_modules/.pnpm/@melt-ui+svelte@0.83.0_svelte@5.28.2/node_modules/@melt-ui/svelte/dist/builders/combobox/create.js[2K[1Gtransforming (837) [2m../../node_modules/.pnpm/@melt-ui+svelte@0.83.0_svelte@5.28.2/node_modules/@melt-ui/svelte/dist/builders/tabs/types.js[22m[2K[1Gtransforming (897) [2m../../node_modules/.pnpm/melt@0.14.1_@floating-ui+dom@1.7.0_svelte@5.28.2/node_modules/melt/dist/utils/browser.js[22m[2K[1Gtransforming (939) [2m../../node_modules/.pnpm/bits-ui@1.0.0-next.74_svelte@5.28.2/node_modules/bits-ui/dist/bits/alert-dialog/components/alert-di[2K[1Gtransforming (959) [2m../../node_modules/.pnpm/bits-ui@1.0.0-next.74_svelte@5.28.2/node_modules/bits-ui/dist/bits/calendar/components/calendar-gri[2K[1Gtransforming (993) [2m../../node_modules/.pnpm/bits-ui@1.0.0-next.74_svelte@5.28.2/node_modules/bits-ui/dist/bits/command/components/command-viewp[2K[1Gtransforming (1006) [2m../../node_modules/.pnpm/bits-ui@1.0.0-next.74_svelte@5.28.2/node_modules/bits-ui/dist/bits/menu/components/menu-sub.svelte[2K[1Gtransforming (1036) [2m../../node_modules/.pnpm/bits-ui@1.0.0-next.74_svelte@5.28.2/node_modules/bits-ui/dist/bits/popover/components/popover-arro[2K[1Gtransforming (1061) [2m../../node_modules/.pnpm/bits-ui@1.0.0-next.74_svelte@5.28.2/node_modules/bits-ui/dist/bits/menubar/components/menubar-cont[2K[1Gtransforming (1089) [2m../../node_modules/.pnpm/bits-ui@1.0.0-next.74_svelte@5.28.2/node_modules/bits-ui/dist/bits/scroll-area/components/scroll-a[2K[1Gtransforming (1121) [2m../../node_modules/.pnpm/vaul-svelte@1.0.0-next.2_svelte@5.28.2/node_modules/vaul-svelte/dist/internal/use-id.js[22m[2K[1Gtransforming (1184) [2m../../node_modules/.pnpm/bits-ui@1.0.0-next.74_svelte@5.28.2/node_modules/bits-ui/dist/bits/select/select.svelte.js[22m[2K[1Gtransforming (1201) [2m../../packages/models/src/commands.ts[22m[2K[1Gtransforming (1225) [2m../../node_modules/.pnpm/bits-ui@1.0.0-next.74_svelte@5.28.2/node_modules/bits-ui/dist/bits/progress/progress.svelte.js[22[2K[1Gtransforming (1244) [2m../../node_modules/.pnpm/runed@0.15.4_svelte@5.28.2/node_modules/runed/dist/utilities/useDebounce/index.js[22m[2K[1Gtransforming (1299) [2m../../node_modules/.pnpm/bits-ui@1.0.0-next.74_svelte@5.28.2/node_modules/bits-ui/dist/internal/use-data-typeahead.svelte.j[2K[1Gtransforming (1335) [2m../../node_modules/.pnpm/runed@0.15.4_svelte@5.28.2/node_modules/runed/dist/utilities/StateHistory/StateHistory.svelte.js[[2K[1Gtransforming (1354) [2m../../node_modules/.pnpm/bits-ui@1.0.0-next.74_svelte@5.28.2/node_modules/bits-ui/dist/internal/elements.js[22m[2K[1Gtransforming (1367) [2m../../node_modules/.pnpm/runed@0.15.4_svelte@5.28.2/node_modules/runed/dist/internal/utils/get.js[22m[2K[1G[2K[1G[2K[1G[2K[1G[2K[1G[2K[1G[2K[1G[2K[1G[2K[1G[2K[1G[2K[1G[2K[1G[2K[1G[2K[1G[2K[1G[2K[1G[2K[1G[2K[1G[2K[1G[2K[1G[2K[1G[2K[1G[2K[1G[2K[1G[2K[1G[2K[1G[2K[1G[2K[1G[2K[1G[2K[1G[2K[1G[2K[1G[2K[1G[2K[1G[2K[1G[2K[1G[2K[1G[2K[1G[2K[1G[32m✓[39m 1380 modules transformed.
[2K[1Grendering chunks (1)...[2K[1Grendering chunks (2)...[2K[1Grendering chunks (3)...[2K[1Grendering chunks (4)...[2K[1Grendering chunks (5)...[2K[1Grendering chunks (6)...[2K[1Grendering chunks (7)...[2K[1Grendering chunks (8)...[2K[1Grendering chunks (9)...[2K[1Grendering chunks (10)...[2K[1Grendering chunks (11)...[2K[1Grendering chunks (12)...[2K[1Grendering chunks (13)...[2K[1Grendering chunks (14)...[2K[1Grendering chunks (15)...[2K[1Grendering chunks (16)...[2K[1Grendering chunks (17)...[2K[1Grendering chunks (18)...[2K[1Grendering chunks (19)...[2K[1Grendering chunks (20)...[2K[1Grendering chunks (21)...[2K[1Grendering chunks (22)...[2K[1G[36mvite v5.4.19 [32mbuilding for production...[36m[39m
[2K[1Gtransforming (1) [2m../../node_modules/.pnpm/@sveltejs+kit@2.20.8_@sveltejs+vite-plugin-svelte@4.0.4_svelte@5.28.2_vite@5.4.19_@type_ccf1bc9b54e9b[2K[1Gtransforming (34) [2msrc/routes/Nav.svelte[22m[2K[1Gtransforming (78) [2m../../node_modules/.pnpm/svelte@5.28.2/node_modules/svelte/src/internal/client/dom/elements/bindings/universal.js[22m[2K[1Gtransforming (161) [2m../../node_modules/.pnpm/devalue@5.1.1/node_modules/devalue/src/parse.js[22m[2K[1Gtransforming (241) [2m../../packages/ui/dist/core/card/card-footer.svelte[22m[2K[1Gtransforming (281) [2m../../packages/ui/dist/core/dropdown-menu/dropdown-menu-item.svelte[22m[2K[1Gtransforming (321) [2m../../packages/ui/dist/core/select/select-scroll-up-button.svelte[22m[2K[1Gtransforming (359) [2m../../packages/ui/dist/components/tabToolbox/TabToolbox.svelte[22m[33m6:50:18 AM [vite-plugin-svelte] /workspaces/Webapp/packages/ui/dist/components/timeline/timelineSelection.svelte.js:33:32 This reference only captures the initial value of `focus`. Did you mean to reference it inside a derived instead?
https://svelte.dev/e/state_referenced_locally[39m
31:     let focus = $state(today(getLocalTimeZone()));
32:     /** Day which marks the start of the timeline selection. */
33:     let beginSelection = $state(focus.subtract(defaultLowerSelectionOffset));
                                         ^
34:     /** Day which marks the end of the timeline selection. */
35:     let endSelection = $state(focus.add(defaultUpperSelectionOffset));
[33m6:50:18 AM [vite-plugin-svelte] /workspaces/Webapp/packages/ui/dist/components/timeline/timelineSelection.svelte.js:35:30 This reference only captures the initial value of `focus`. Did you mean to reference it inside a derived instead?
https://svelte.dev/e/state_referenced_locally[39m
33:     let beginSelection = $state(focus.subtract(defaultLowerSelectionOffset));
34:     /** Day which marks the end of the timeline selection. */
35:     let endSelection = $state(focus.add(defaultUpperSelectionOffset));
                                       ^
36:     /** Derived selection. */
37:     const focusUtc = $derived(calendarDateToUtc(focus));
[33m6:50:18 AM [vite-plugin-svelte] /workspaces/Webapp/packages/ui/dist/components/timeline/timelineSelection.svelte.js:44:29 This reference only captures the initial value of `beginSelection`. Did you mean to reference it inside a derived instead?
https://svelte.dev/e/state_referenced_locally[39m
42:      */
43:     /** Day which marks the start of the timeline displayed on the slider graphic. */
44:     let beginSlider = $state(beginSelection.subtract(defaultSliderDisplayOffset));
                                               ^
45:     /** Day which marks the end of the timeline displayed on the slider graphic. */
46:     let endSlider = $state(endSelection.add(defaultSliderDisplayOffset));
[33m6:50:18 AM [vite-plugin-svelte] /workspaces/Webapp/packages/ui/dist/components/timeline/timelineSelection.svelte.js:46:27 This reference only captures the initial value of `endSelection`. Did you mean to reference it inside a derived instead?
https://svelte.dev/e/state_referenced_locally[39m
44:     let beginSlider = $state(beginSelection.subtract(defaultSliderDisplayOffset));
45:     /** Day which marks the end of the timeline displayed on the slider graphic. */
46:     let endSlider = $state(endSelection.add(defaultSliderDisplayOffset));
                                           ^
47:     /** The value the slider starts with. Is a reference point for other values. */
48:     const minSliderValue = 0;
[2K[1Gtransforming (401) [2m../../node_modules/.pnpm/@lucide+svelte@0.510.0_svelte@5.28.2/node_modules/@lucide/svelte/dist/icons/arrow-right.js[22m[2K[1Gtransforming (441) [2m../../packages/ui/dist/components/editableTree/attributes/Textarea.svelte[22m[2K[1Gtransforming (494) [2m../../node_modules/.pnpm/bits-ui@1.0.0-next.74_svelte@5.28.2/node_modules/bits-ui/dist/shared/attributes.js[22m[2K[1Gtransforming (566) [2m../../packages/ui/dist/components/canvas/workspace/utils.js[22m[2K[1Gtransforming (638) [2m../../node_modules/.pnpm/runed@0.25.0_svelte@5.28.2/node_modules/runed/dist/utilities/on-click-outside/on-click-outside.svel[2K[1Gtransforming (698) [2m../../node_modules/.pnpm/bits-ui@1.0.0-next.74_svelte@5.28.2/node_modules/bits-ui/dist/bits/checkbox/exports.js[22m[2K[1Gtransforming (756) [2m../../node_modules/.pnpm/@melt-ui+svelte@0.83.0_svelte@5.28.2/node_modules/@melt-ui/svelte/dist/builders/collapsible/types.j[2K[1Gtransforming (856) [2m../../node_modules/.pnpm/@melt-ui+svelte@0.83.0_svelte@5.28.2/node_modules/@melt-ui/svelte/dist/internal/helpers/focus.js[2[2K[1Gtransforming (937) [2m../../node_modules/.pnpm/bits-ui@1.0.0-next.74_svelte@5.28.2/node_modules/bits-ui/dist/bits/accordion/components/accordion-h[2K[1Gtransforming (963) [2m../../node_modules/.pnpm/bits-ui@1.0.0-next.74_svelte@5.28.2/node_modules/bits-ui/dist/bits/combobox/components/combobox.sve[2K[1Gtransforming (979) [2m../../node_modules/.pnpm/bits-ui@1.0.0-next.74_svelte@5.28.2/node_modules/bits-ui/dist/bits/command/components/command-empty[2K[1Gtransforming (1003) [2m../../node_modules/.pnpm/bits-ui@1.0.0-next.74_svelte@5.28.2/node_modules/bits-ui/dist/bits/menu/components/menu-sub-trigge[2K[1Gtransforming (1039) [2m../../node_modules/.pnpm/bits-ui@1.0.0-next.74_svelte@5.28.2/node_modules/bits-ui/dist/bits/navigation-menu/components/navi[2K[1Gtransforming (1078) [2m../../node_modules/.pnpm/bits-ui@1.0.0-next.74_svelte@5.28.2/node_modules/bits-ui/dist/bits/tabs/components/tabs-list.svelt[2K[1Gtransforming (1099) [2m../../node_modules/.pnpm/vaul-svelte@1.0.0-next.2_svelte@5.28.2/node_modules/vaul-svelte/dist/internal/use-id.js[22m[2K[1Gtransforming (1149) [2m../../node_modules/.pnpm/runed@0.23.4_svelte@5.28.2/node_modules/runed/dist/utilities/state-history/state-history.svelte.js[2K[1Gtransforming (1211) [2m../../packages/models/src/cultivars/attributes/index.ts[22m[2K[1Gtransforming (1232) [2m../../node_modules/.pnpm/bits-ui@1.0.0-next.74_svelte@5.28.2/node_modules/bits-ui/dist/bits/date-picker/date-picker.svelte.[2K[1Gtransforming (1253) [2m../../node_modules/.pnpm/bits-ui@1.0.0-next.74_svelte@5.28.2/node_modules/bits-ui/dist/bits/radio-group/radio-group.svelte.[2K[1Gtransforming (1273) [2msrc/app.pcss[22m[2K[1Gtransforming (1306) [2m../../node_modules/.pnpm/konva@9.3.20/node_modules/konva/lib/Node.js[22m[2K[1Gtransforming (1384) [2m../../node_modules/.pnpm/bits-ui@1.0.0-next.74_svelte@5.28.2/node_modules/bits-ui/dist/bits/utilities/escape-layer/useEscap[2K[1Gtransforming (1450) [2m../../node_modules/.pnpm/@triplit+db@1.0.31_typescript@5.8.3/node_modules/@triplit/db/dist/schema/validation.js[22m[2K[1G[2K[1G[2K[1G[2K[1G[2K[1Gtransforming (1506) [2m../../node_modules/.pnpm/elen@1.0.10/node_modules/elen/src/binary64.js[22m[2K[1Gtransforming (1642) [2m../../node_modules/.pnpm/core-js@3.42.0/node_modules/core-js/internals/define-global-property.js[22m[2K[1Gtransforming (1887) [2m../../node_modules/.pnpm/core-js@3.42.0/node_modules/core-js/proposals/iterator-helpers-stage-3.js[22m[2K[1G[2K[1G[2K[1G[2K[1G[2K[1G[2K[1G[2K[1G[2K[1G[2K[1G[2K[1G[2K[1G[2K[1G[2K[1G[2K[1G[2K[1G[2K[1G[2K[1G[2K[1G[2K[1G[2K[1G[2K[1G[2K[1G[2K[1G[2K[1G[2K[1G[2K[1G[2K[1G[2K[1G[2K[1G[2K[1G[2K[1G[2K[1G[2K[1G[2K[1G[2K[1G[2K[1G[2K[1G[2K[1G[2K[1G[2K[1G[2K[1G[2K[1G[2K[1G[2K[1G[2K[1G[2K[1G[2K[1G[2K[1G[2K[1G[2K[1G[32m✓[39m 2071 modules transformed.
[2K[1Grendering chunks (1)...[2K[1Grendering chunks (2)...[2K[1Grendering chunks (3)...[2K[1Grendering chunks (4)...[2K[1Grendering chunks (5)...[2K[1Grendering chunks (6)...[2K[1Grendering chunks (7)...[2K[1Grendering chunks (8)...[2K[1Grendering chunks (9)...[2K[1Grendering chunks (10)...[2K[1Grendering chunks (11)...[2K[1Grendering chunks (12)...[2K[1Grendering chunks (13)...[2K[1Grendering chunks (14)...[2K[1Grendering chunks (15)...[2K[1Grendering chunks (16)...[2K[1Grendering chunks (17)...[2K[1Grendering chunks (18)...[2K[1Grendering chunks (19)...[2K[1Grendering chunks (20)...[2K[1Grendering chunks (21)...[2K[1Grendering chunks (22)...[2K[1Grendering chunks (23)...[2K[1Grendering chunks (24)...[2K[1Grendering chunks (25)...[2K[1Grendering chunks (26)...[2K[1Grendering chunks (27)...[2K[1G[2K[1Gcomputing gzip size (0)...[2K[1Gcomputing gzip size (1)...[2K[1Gcomputing gzip size (2)...[2K[1Gcomputing gzip size (3)...[2K[1Gcomputing gzip size (4)...[2K[1Gcomputing gzip size (5)...[2K[1Gcomputing gzip size (6)...[2K[1Gcomputing gzip size (7)...[2K[1Gcomputing gzip size (8)...[2K[1Gcomputing gzip size (9)...[2K[1Gcomputing gzip size (10)...[2K[1Gcomputing gzip size (11)...[2K[1Gcomputing gzip size (12)...[2K[1Gcomputing gzip size (13)...[2K[1Gcomputing gzip size (14)...[2K[1Gcomputing gzip size (15)...[2K[1Gcomputing gzip size (16)...[2K[1Gcomputing gzip size (17)...[2K[1Gcomputing gzip size (18)...[2K[1Gcomputing gzip size (19)...[2K[1Gcomputing gzip size (20)...[2K[1Gcomputing gzip size (21)...[2K[1Gcomputing gzip size (22)...[2K[1Gcomputing gzip size (23)...[2K[1Gcomputing gzip size (24)...[2K[1Gcomputing gzip size (25)...[2K[1Gcomputing gzip size (26)...[2K[1Gcomputing gzip size (27)...[2K[1Gcomputing gzip size (28)...[2K[1Gcomputing gzip size (29)...[2K[1Gcomputing gzip size (30)...[2K[1G[2m.svelte-kit/output/client/[22m[32m_app/version.json                       [39m[1m[2m  0.03 kB[22m[1m[22m[2m │ gzip:   0.05 kB[22m
[2m.svelte-kit/output/client/[22m[32m.vite/manifest.json                     [39m[1m[2m  7.69 kB[22m[1m[22m[2m │ gzip:   1.14 kB[22m
[2m.svelte-kit/output/client/[22m[35m_app/immutable/assets/0.B16Z_3vp.css    [39m[1m[2m111.45 kB[22m[1m[22m[2m │ gzip:  22.49 kB[22m
[2m.svelte-kit/output/client/[22m[36m_app/immutable/entry/start.CV5uXT-e.js  [39m[1m[2m  0.08 kB[22m[1m[22m[2m │ gzip:   0.09 kB[22m
[2m.svelte-kit/output/client/[22m[36m_app/immutable/chunks/C86kfYSN.js       [39m[1m[2m  0.11 kB[22m[1m[22m[2m │ gzip:   0.11 kB[22m
[2m.svelte-kit/output/client/[22m[36m_app/immutable/chunks/C8R_MN5o.js       [39m[1m[2m  0.19 kB[22m[1m[22m[2m │ gzip:   0.17 kB[22m
[2m.svelte-kit/output/client/[22m[36m_app/immutable/nodes/4.BCD2MQ-x.js      [39m[1m[2m  0.24 kB[22m[1m[22m[2m │ gzip:   0.18 kB[22m
[2m.svelte-kit/output/client/[22m[36m_app/immutable/nodes/5.D8K5MBt8.js      [39m[1m[2m  0.24 kB[22m[1m[22m[2m │ gzip:   0.18 kB[22m
[2m.svelte-kit/output/client/[22m[36m_app/immutable/nodes/6.CJGuL1Ph.js      [39m[1m[2m  0.24 kB[22m[1m[22m[2m │ gzip:   0.18 kB[22m
[2m.svelte-kit/output/client/[22m[36m_app/immutable/chunks/BNiip-ZU.js       [39m[1m[2m  0.31 kB[22m[1m[22m[2m │ gzip:   0.25 kB[22m
[2m.svelte-kit/output/client/[22m[36m_app/immutable/chunks/CwnTrnkb.js       [39m[1m[2m  0.32 kB[22m[1m[22m[2m │ gzip:   0.23 kB[22m
[2m.svelte-kit/output/client/[22m[36m_app/immutable/chunks/B1d5rMd0.js       [39m[1m[2m  0.53 kB[22m[1m[22m[2m │ gzip:   0.34 kB[22m
[2m.svelte-kit/output/client/[22m[36m_app/immutable/nodes/1.ZAFWo13V.js      [39m[1m[2m  0.59 kB[22m[1m[22m[2m │ gzip:   0.36 kB[22m
[2m.svelte-kit/output/client/[22m[36m_app/immutable/chunks/Cp_vbEY-.js       [39m[1m[2m  0.61 kB[22m[1m[22m[2m │ gzip:   0.40 kB[22m
[2m.svelte-kit/output/client/[22m[36m_app/immutable/chunks/C1QID_m_.js       [39m[1m[2m  0.64 kB[22m[1m[22m[2m │ gzip:   0.40 kB[22m
[2m.svelte-kit/output/client/[22m[36m_app/immutable/chunks/BRpxm6ve.js       [39m[1m[2m  1.59 kB[22m[1m[22m[2m │ gzip:   0.91 kB[22m
[2m.svelte-kit/output/client/[22m[36m_app/immutable/nodes/7.vUAM-97G.js      [39m[1m[2m  2.92 kB[22m[1m[22m[2m │ gzip:   1.45 kB[22m
[2m.svelte-kit/output/client/[22m[36m_app/immutable/chunks/Cz8mIVZI.js       [39m[1m[2m  3.65 kB[22m[1m[22m[2m │ gzip:   1.56 kB[22m
[2m.svelte-kit/output/client/[22m[36m_app/immutable/chunks/HWDk4eir.js       [39m[1m[2m  4.07 kB[22m[1m[22m[2m │ gzip:   1.93 kB[22m
[2m.svelte-kit/output/client/[22m[36m_app/immutable/chunks/UaJBEsuX.js       [39m[1m[2m  4.93 kB[22m[1m[22m[2m │ gzip:   2.30 kB[22m
[2m.svelte-kit/output/client/[22m[36m_app/immutable/chunks/BYzBvHMH.js       [39m[1m[2m  5.37 kB[22m[1m[22m[2m │ gzip:   1.61 kB[22m
[2m.svelte-kit/output/client/[22m[36m_app/immutable/entry/app.bJHWWfOs.js    [39m[1m[2m  6.56 kB[22m[1m[22m[2m │ gzip:   2.92 kB[22m
[2m.svelte-kit/output/client/[22m[36m_app/immutable/nodes/3.DwgYNQzr.js      [39m[1m[2m 10.47 kB[22m[1m[22m[2m │ gzip:   4.19 kB[22m
[2m.svelte-kit/output/client/[22m[36m_app/immutable/chunks/Dl94qWna.js       [39m[1m[2m 15.13 kB[22m[1m[22m[2m │ gzip:   6.14 kB[22m
[2m.svelte-kit/output/client/[22m[36m_app/immutable/chunks/DgmMHYUv.js       [39m[1m[2m 15.91 kB[22m[1m[22m[2m │ gzip:   6.40 kB[22m
[2m.svelte-kit/output/client/[22m[36m_app/immutable/chunks/BRBqP9qL.js       [39m[1m[2m 19.74 kB[22m[1m[22m[2m │ gzip:   7.88 kB[22m
[2m.svelte-kit/output/client/[22m[36m_app/immutable/chunks/CFlqBorB.js       [39m[1m[2m 32.33 kB[22m[1m[22m[2m │ gzip:  12.60 kB[22m
[2m.svelte-kit/output/client/[22m[36m_app/immutable/nodes/0.DLOWRnmq.js      [39m[1m[2m 81.84 kB[22m[1m[22m[2m │ gzip:  26.17 kB[22m
[2m.svelte-kit/output/client/[22m[36m_app/immutable/chunks/Cy8X8so-.js       [39m[1m[2m 88.88 kB[22m[1m[22m[2m │ gzip:  24.31 kB[22m
[2m.svelte-kit/output/client/[22m[36m_app/immutable/nodes/2.BMV6p3Jv.js      [39m[1m[2m366.42 kB[22m[1m[22m[2m │ gzip: 114.44 kB[22m
[32m✓ built in 5.81s[39m
[2K[1G[2m.svelte-kit/output/server/[22m[32m.vite/manifest.json                         [39m[1m[2m  4.98 kB[22m[1m[22m
[2m.svelte-kit/output/server/[22m[35m_app/immutable/assets/_layout.DO5f-mWQ.css  [39m[1m[2m111.41 kB[22m[1m[22m
[2m.svelte-kit/output/server/[22m[36mentries/pages/_layout.server.js             [39m[1m[2m  0.04 kB[22m[1m[22m
[2m.svelte-kit/output/server/[22m[36mchunks/links.js                             [39m[1m[2m  0.16 kB[22m[1m[22m
[2m.svelte-kit/output/server/[22m[36minternal.js                                 [39m[1m[2m  0.31 kB[22m[1m[22m
[2m.svelte-kit/output/server/[22m[36mchunks/MainContentContainer.js              [39m[1m[2m  0.31 kB[22m[1m[22m
[2m.svelte-kit/output/server/[22m[36mchunks/equality.js                          [39m[1m[2m  0.33 kB[22m[1m[22m
[2m.svelte-kit/output/server/[22m[36mentries/pages/blog/_page.svelte.js          [39m[1m[2m  0.34 kB[22m[1m[22m
[2m.svelte-kit/output/server/[22m[36mentries/pages/demo/_page.svelte.js          [39m[1m[2m  0.34 kB[22m[1m[22m
[2m.svelte-kit/output/server/[22m[36mentries/pages/docs/_page.svelte.js          [39m[1m[2m  0.35 kB[22m[1m[22m
[2m.svelte-kit/output/server/[22m[36mchunks/UnderConstructionPage.js             [39m[1m[2m  0.61 kB[22m[1m[22m
[2m.svelte-kit/output/server/[22m[36mentries/fallbacks/error.svelte.js           [39m[1m[2m  1.44 kB[22m[1m[22m
[2m.svelte-kit/output/server/[22m[36mentries/pages/support/_page.svx.js          [39m[1m[2m  3.03 kB[22m[1m[22m
[2m.svelte-kit/output/server/[22m[36mchunks/env.js                               [39m[1m[2m  3.18 kB[22m[1m[22m
[2m.svelte-kit/output/server/[22m[36mchunks/logo.js                              [39m[1m[2m  5.30 kB[22m[1m[22m
[2m.svelte-kit/output/server/[22m[36mchunks/exports.js                           [39m[1m[2m  6.91 kB[22m[1m[22m
[2m.svelte-kit/output/server/[22m[36mchunks/index.js                             [39m[1m[2m 10.24 kB[22m[1m[22m
[2m.svelte-kit/output/server/[22m[36mentries/pages/about/_page.svx.js            [39m[1m[2m 10.85 kB[22m[1m[22m
[2m.svelte-kit/output/server/[22m[36mchunks/states.svelte.js                     [39m[1m[2m 18.71 kB[22m[1m[22m
[2m.svelte-kit/output/server/[22m[36mchunks/Icon.js                              [39m[1m[2m 44.90 kB[22m[1m[22m
[2m.svelte-kit/output/server/[22m[36mchunks/internal.js                          [39m[1m[2m 49.97 kB[22m[1m[22m
[2m.svelte-kit/output/server/[22m[36mentries/pages/_page.svelte.js               [39m[1m[2m102.96 kB[22m[1m[22m
[2m.svelte-kit/output/server/[22m[36mentries/pages/_layout.svelte.js             [39m[1m[2m125.45 kB[22m[1m[22m
[2m.svelte-kit/output/server/[22m[36mindex.js                                    [39m[1m[2m131.21 kB[22m[1m[22m
[32m✓ built in 13.76s[39m

Run [1m[36mnpm run preview[22m[39m to preview your production build locally.
[1m[36m
> Using @sveltejs/adapter-auto[22m[39m
  [1m[33mCould not detect a supported production environment. See https://svelte.dev/docs/kit/adapters to learn how to configure your app to run on the platform of your choosing[22m[39m
  [32m✔ done[39m
